Copyright 1986-2014 Xilinx, Inc. All Rights Reserved.
-----------------------------------------------------------------------------------------
| Tool Version : Vivado v.2014.1 (win64) Build 881834 Fri Apr  4 14:15:54 MDT 2014
| Date         : Mon Oct 26 21:49:23 2015
| Host         : J309-A2 running 64-bit Service Pack 1  (build 7601)
| Command      : report_clock_utilization -file exercicio2a_clock_utilization_placed.rpt
| Design       : exercicio2a
| Device       : xc7vx485t
-----------------------------------------------------------------------------------------

Clock Utilization Report

Table of Contents
-----------------
1. Clock Primitive Utilization
2. Details of Global Clocks
3. Details of Regional Clocks
4. Details of Multi-Regional Clocks
5. Details of I/O Clocks
6. Details of Local Clocks
7. Clock Regions : Key Resource Utilization

1. Clock Primitive Utilization
------------------------------

+-------+------+-----------+------------+
| Type  | Used | Available | Num Locked |
+-------+------+-----------+------------+
| BUFG  |    0 |        32 |          0 |
| BUFH  |    0 |       168 |          0 |
| BUFIO |    0 |        56 |          0 |
| MMCM  |    0 |        14 |          0 |
| PLL   |    0 |        14 |          0 |
| BUFR  |    0 |        56 |          0 |
| BUFMR |    0 |        28 |          0 |
+-------+------+-----------+------------+


2. Details of Global Clocks
---------------------------

3. Details of Regional Clocks
-----------------------------

4. Details of Multi-Regional Clocks
-----------------------------------

5. Details of I/O Clocks
------------------------

6. Details of Local Clocks
--------------------------

7. Clock Regions : Key Resource Utilization
-------------------------------------------

+-------------------+--------------+--------------+--------------+--------------+--------------+--------------+--------------+--------------+--------------+--------------+--------------+--------------+--------------+--------------+--------------+
|                   | Global Clock |     BUFRs    |    BUFMRs    |    BUFIOs    |     MMCM     |      PLL     |      GT      |      PCI     |    ILOGIC    |    OLOGIC    |      FF      |     LUTM     |    RAMB18    |    RAMB36    |    DSP48E1   |
+-------------------+------+-------+------+-------+------+-------+------+-------+------+-------+------+-------+------+-------+------+-------+------+-------+------+-------+------+-------+------+-------+------+-------+------+-------+------+-------+
| Clock Region Name | Used | Avail | Used | Avail | Used | Avail | Used | Avail | Used | Avail | Used | Avail | Used | Avail | Used | Avail | Used | Avail | Used | Avail | Used | Avail | Used | Avail | Used | Avail | Used | Avail | Used | Avail |
+-------------------+------+-------+------+-------+------+-------+------+-------+------+-------+------+-------+------+-------+------+-------+------+-------+------+-------+------+-------+------+-------+------+-------+------+-------+------+-------+
| X0Y0              |    0 |    12 |    0 |     4 |    0 |     2 |    0 |     4 |    0 |     1 |    0 |     1 |    0 |     5 |    0 |     0 |    0 |    50 |    0 |    50 |    0 | 44000 |    0 |  8800 |    0 |   140 |    0 |    70 |    0 |   180 |
| X1Y0              |    0 |    12 |    0 |     4 |    0 |     2 |    0 |     4 |    0 |     1 |    0 |     1 |    0 |     5 |    0 |     0 |    0 |    50 |    0 |    50 |    0 | 44800 |    0 | 10000 |    0 |   160 |    0 |    80 |    0 |   220 |
| X0Y1              |    0 |    12 |    0 |     4 |    0 |     2 |    0 |     4 |    0 |     1 |    0 |     1 |    0 |     5 |    0 |     0 |    0 |    50 |    0 |    50 |    0 | 39200 |    0 |  8800 |    0 |   140 |    0 |    70 |    0 |   180 |
| X1Y1              |    0 |    12 |    0 |     4 |    0 |     2 |    0 |     4 |    0 |     1 |    0 |     1 |    0 |     5 |    0 |     0 |    0 |    50 |    0 |    50 |    0 | 44800 |    0 | 10000 |    0 |   160 |    0 |    80 |    0 |   220 |
| X0Y2              |    0 |    12 |    0 |     4 |    0 |     2 |    0 |     4 |    0 |     1 |    0 |     1 |    0 |     5 |    0 |     1 |    0 |    50 |    0 |    50 |    0 | 38000 |    0 |  8600 |    0 |   130 |    0 |    65 |    0 |   180 |
| X1Y2              |    0 |    12 |    0 |     4 |    0 |     2 |    0 |     4 |    0 |     1 |    0 |     1 |    0 |     5 |    0 |     1 |    0 |    50 |    0 |    50 |    0 | 43600 |    0 |  9800 |    0 |   150 |    0 |    75 |    0 |   220 |
| X0Y3              |    0 |    12 |    0 |     4 |    0 |     2 |    0 |     4 |    0 |     1 |    0 |     1 |    0 |     5 |    0 |     0 |    0 |    50 |    0 |    50 |    0 | 44000 |    0 |  8800 |    0 |   140 |    0 |    70 |    0 |   180 |
| X1Y3              |    0 |    12 |    0 |     4 |    0 |     2 |    0 |     4 |    0 |     1 |    0 |     1 |    0 |     5 |    0 |     0 |    0 |    50 |    0 |    50 |    0 | 44800 |    0 | 10000 |    0 |   160 |    0 |    80 |    0 |   220 |
| X0Y4              |    0 |    12 |    0 |     4 |    0 |     2 |    0 |     4 |    0 |     1 |    0 |     1 |    0 |     5 |    0 |     0 |    0 |    50 |    0 |    50 |    0 | 44000 |    0 |  8800 |    0 |   140 |    0 |    70 |    0 |   180 |
| X1Y4              |    0 |    12 |    0 |     4 |    0 |     2 |    0 |     4 |    0 |     1 |    0 |     1 |    0 |     5 |    0 |     0 |    0 |    50 |    0 |    50 |    0 | 44800 |    0 | 10000 |    0 |   160 |    0 |    80 |    0 |   220 |
| X0Y5              |    0 |    12 |    0 |     4 |    0 |     2 |    0 |     4 |    0 |     1 |    0 |     1 |    0 |     5 |    0 |     1 |    0 |    50 |    0 |    50 |    0 | 42800 |    0 |  8600 |    0 |   130 |    0 |    65 |    0 |   180 |
| X1Y5              |    0 |    12 |    0 |     4 |    0 |     2 |    0 |     4 |    0 |     1 |    0 |     1 |    0 |     5 |    0 |     1 |    0 |    50 |    0 |    50 |    0 | 43600 |    0 |  9800 |    0 |   150 |    0 |    75 |    0 |   220 |
| X0Y6              |    0 |    12 |    0 |     4 |    0 |     2 |    0 |     4 |    0 |     1 |    0 |     1 |    0 |     5 |    0 |     0 |    0 |    50 |    0 |    50 |    0 | 44000 |    0 |  8800 |    0 |   140 |    0 |    70 |    0 |   180 |
| X1Y6              |    0 |    12 |    0 |     4 |    0 |     2 |    0 |     4 |    0 |     1 |    0 |     1 |    0 |     5 |    0 |     0 |    0 |    50 |    0 |    50 |    0 | 44800 |    0 | 10000 |    0 |   160 |    0 |    80 |    0 |   220 |
+-------------------+------+-------+------+-------+------+-------+------+-------+------+-------+------+-------+------+-------+------+-------+------+-------+------+-------+------+-------+------+-------+------+-------+------+-------+------+-------+
* RAMB36 site can be used as two RAMB18/FIFO18 sites



# Location of BUFG Primitives 

# Location of IO Clock Primitives

# Location of MMCM Clock Primitives

# Location of BUFH Clock Primitives

# Location of BUFR Clock Primitives

# Location of BUFMR Clock Primitives

# Location of PLL Clock Primitives

# Location of IO Primitives which is load of clock spine

# Location of clock ports
