
*** Running vivado
    with args -log Projeto1.vdi -applog -m64 -messageDb vivado.pb -mode batch -source Projeto1.tcl -notrace


****** Vivado v2014.1 (64-bit)
  **** SW Build 881834 on Fri Apr  4 14:15:54 MDT 2014
  **** IP Build 877625 on Fri Mar 28 16:29:15 MDT 2014
    ** Copyright 1986-2014 Xilinx, Inc. All Rights Reserved.

source Projeto1.tcl -notrace
Design is defaulting to srcset: sources_1
Design is defaulting to constrset: constrs_1
INFO: [Netlist 29-17] Analyzing 2 Unisim elements for replacement
INFO: [Netlist 29-28] Unisim Transformation completed in 0 CPU seconds
INFO: [Project 1-479] Netlist was created with Vivado 2014.1
Loading clock regions from C:/Xilinx/Vivado/2014.1/data\parts/xilinx/artix7/artix7/xc7a100t/ClockRegion.xml
Loading clock buffers from C:/Xilinx/Vivado/2014.1/data\parts/xilinx/artix7/artix7/xc7a100t/ClockBuffers.xml
Loading clock placement rules from C:/Xilinx/Vivado/2014.1/data/parts/xilinx/artix7/ClockPlacerRules.xml
Loading package pin functions from C:/Xilinx/Vivado/2014.1/data\parts/xilinx/artix7/PinFunctions.xml...
Loading package from C:/Xilinx/Vivado/2014.1/data\parts/xilinx/artix7/artix7/xc7a100t/csg324/Package.xml
Loading io standards from C:/Xilinx/Vivado/2014.1/data\./parts/xilinx/artix7/IOStandards.xml
Loading device configuration modes from C:/Xilinx/Vivado/2014.1/data\parts/xilinx/artix7/ConfigModes.xml
INFO: [Opt 31-140] Inserted 0 IBUFs to IO ports without IO buffers.
INFO: [Opt 31-141] Inserted 0 OBUFs to IO ports without IO buffers.
Parsing XDC File [T:/Rodrigo/Projeto1/Projeto1.srcs/constrs_1/imports/Projetos/SevenSegmentos.xdc]
Finished Parsing XDC File [T:/Rodrigo/Projeto1/Projeto1.srcs/constrs_1/imports/Projetos/SevenSegmentos.xdc]
INFO: [Opt 31-138] Pushed 0 inverter(s).
INFO: [Project 1-111] Unisim Transformation Summary:
No Unisim elements were transformed.

Command: opt_design
Attempting to get a license for feature 'Implementation' and/or device 'xc7a100t'
INFO: [Common 17-349] Got license for feature 'Implementation' and/or device 'xc7a100t'
Running DRC as a precondition to command opt_design

Starting DRC Task
INFO: [Drc 23-27] Running DRC with 2 threads
INFO: [Project 1-461] DRC finished with 0 Errors
INFO: [Project 1-462] Please refer to the DRC report (report_drc) for more information.

Time (s): cpu = 00:00:00 ; elapsed = 00:00:00.069 . Memory (MB): peak = 449.617 ; gain = 0.055

Starting Logic Optimization Task
INFO: [Timing 38-35] Done setting XDC timing constraints.

Phase 1 Retarget

INFO: [Opt 31-138] Pushed 0 inverter(s).
INFO: [Opt 31-49] Retargeted 0 cell(s).
Phase 1 Retarget | Checksum: 16671cbbc

Time (s): cpu = 00:00:12 ; elapsed = 00:00:12 . Memory (MB): peak = 867.336 ; gain = 417.719

Phase 2 Constant Propagation
INFO: [Opt 31-138] Pushed 0 inverter(s).
INFO: [Opt 31-10] Eliminated 27 cells.
Phase 2 Constant Propagation | Checksum: 156325a9e

Time (s): cpu = 00:00:12 ; elapsed = 00:00:12 . Memory (MB): peak = 867.336 ; gain = 417.719

Phase 3 Sweep
INFO: [Opt 31-12] Eliminated 46 unconnected nets.
INFO: [Opt 31-11] Eliminated 0 unconnected cells.
Phase 3 Sweep | Checksum: 1dc152ce1

Time (s): cpu = 00:00:12 ; elapsed = 00:00:12 . Memory (MB): peak = 867.336 ; gain = 417.719
Ending Logic Optimization Task | Checksum: 1dc152ce1

Time (s): cpu = 00:00:00 ; elapsed = 00:00:12 . Memory (MB): peak = 867.336 ; gain = 417.719
Implement Debug Cores | Checksum: 16671cbbc
Logic Optimization | Checksum: 16671cbbc

Starting Power Optimization Task
Ending Power Optimization Task | Checksum: 1dc152ce1

Time (s): cpu = 00:00:00 ; elapsed = 00:00:00 . Memory (MB): peak = 867.336 ; gain = 0.000
INFO: [Common 17-83] Releasing license: Implementation
19 Infos, 0 Warnings, 0 Critical Warnings and 0 Errors encountered.
opt_design completed successfully
opt_design: Time (s): cpu = 00:00:12 ; elapsed = 00:00:12 . Memory (MB): peak = 867.336 ; gain = 419.660
Writing XDEF routing.
Writing XDEF routing logical nets.
Writing XDEF routing special nets.
Write XDEF Complete: Time (s): cpu = 00:00:00 ; elapsed = 00:00:00.091 . Memory (MB): peak = 867.336 ; gain = 0.000
Command: place_design
Attempting to get a license for feature 'Implementation' and/or device 'xc7a100t'
INFO: [Common 17-349] Got license for feature 'Implementation' and/or device 'xc7a100t'
Running DRC as a precondition to command place_design
INFO: [Drc 23-27] Running DRC with 2 threads
INFO: [Vivado_Tcl 4-198] DRC finished with 0 Errors
INFO: [Vivado_Tcl 4-199] Please refer to the DRC report (report_drc) for more information.

Starting Placer Task
INFO: [Place 30-611] Multithreading enabled for place_design using a maximum of 2 CPUs

Phase 1 Placer Initialization

Phase 1.1 Placer Initialization Core
Netlist sorting complete. Time (s): cpu = 00:00:00 ; elapsed = 00:00:00 . Memory (MB): peak = 870.461 ; gain = 0.000

Phase 1.1.1 Mandatory Logic Optimization
INFO: [Opt 31-140] Inserted 0 IBUFs to IO ports without IO buffers.
INFO: [Opt 31-141] Inserted 0 OBUFs to IO ports without IO buffers.
INFO: [Opt 31-138] Pushed 0 inverter(s).
Netlist sorting complete. Time (s): cpu = 00:00:00 ; elapsed = 00:00:00 . Memory (MB): peak = 870.461 ; gain = 0.000
Phase 1.1.1 Mandatory Logic Optimization | Checksum: b594baa7

Time (s): cpu = 00:00:00 ; elapsed = 00:00:00.019 . Memory (MB): peak = 870.461 ; gain = 0.000

Phase 1.1.2 Build Super Logic Region (SLR) Database
Phase 1.1.2 Build Super Logic Region (SLR) Database | Checksum: b594baa7

Time (s): cpu = 00:00:00 ; elapsed = 00:00:00.032 . Memory (MB): peak = 870.461 ; gain = 0.000

Phase 1.1.3 Add Constraints
Phase 1.1.3 Add Constraints | Checksum: b594baa7

Time (s): cpu = 00:00:00 ; elapsed = 00:00:00.033 . Memory (MB): peak = 870.461 ; gain = 0.000

Phase 1.1.4 Build Shapes/ HD Config

Phase 1.1.4.1 Build Macros
Phase 1.1.4.1 Build Macros | Checksum: e9448bd5

Time (s): cpu = 00:00:00 ; elapsed = 00:00:00.059 . Memory (MB): peak = 870.461 ; gain = 0.000
Phase 1.1.4 Build Shapes/ HD Config | Checksum: e9448bd5

Time (s): cpu = 00:00:00 ; elapsed = 00:00:00.059 . Memory (MB): peak = 870.461 ; gain = 0.000

Phase 1.1.5 IO Placement/ Clock Placement/ Build Placer Device

Phase 1.1.5.1 Pre-Place Cells
Phase 1.1.5.1 Pre-Place Cells | Checksum: b594baa7

Time (s): cpu = 00:00:00 ; elapsed = 00:00:00.062 . Memory (MB): peak = 870.461 ; gain = 0.000

Phase 1.1.5.2 Implementation Feasibility check
Phase 1.1.5.2 Implementation Feasibility check | Checksum: b594baa7

Time (s): cpu = 00:00:00 ; elapsed = 00:00:00.082 . Memory (MB): peak = 870.461 ; gain = 0.000
INFO: [Timing 38-35] Done setting XDC timing constraints.

Phase 1.1.5.3 Implementation Feasibility check On IDelay
Phase 1.1.5.3 Implementation Feasibility check On IDelay | Checksum: b594baa7

Time (s): cpu = 00:00:01 ; elapsed = 00:00:00.340 . Memory (MB): peak = 870.461 ; gain = 0.000
Phase 1.1.5 IO Placement/ Clock Placement/ Build Placer Device | Checksum: e63a0ad8

Time (s): cpu = 00:00:01 ; elapsed = 00:00:00.341 . Memory (MB): peak = 870.461 ; gain = 0.000

Phase 1.1.6 Build Placer Netlist Model

Phase 1.1.6.1 Place Init Design

Phase 1.1.6.1.1 Build Clock Data
Phase 1.1.6.1.1 Build Clock Data | Checksum: 104d0fbdc

Time (s): cpu = 00:00:01 ; elapsed = 00:00:00.415 . Memory (MB): peak = 870.461 ; gain = 0.000
Phase 1.1.6.1 Place Init Design | Checksum: 10219cde7

Time (s): cpu = 00:00:01 ; elapsed = 00:00:00.420 . Memory (MB): peak = 870.461 ; gain = 0.000
Phase 1.1.6 Build Placer Netlist Model | Checksum: 10219cde7

Time (s): cpu = 00:00:01 ; elapsed = 00:00:00.421 . Memory (MB): peak = 870.461 ; gain = 0.000

Phase 1.1.7 Constrain Clocks/Macros

Phase 1.1.7.1 Constrain Global/Regional Clocks
Phase 1.1.7.1 Constrain Global/Regional Clocks | Checksum: 10219cde7

Time (s): cpu = 00:00:01 ; elapsed = 00:00:00.424 . Memory (MB): peak = 870.461 ; gain = 0.000
Phase 1.1.7 Constrain Clocks/Macros | Checksum: 10219cde7

Time (s): cpu = 00:00:01 ; elapsed = 00:00:00.425 . Memory (MB): peak = 870.461 ; gain = 0.000
Phase 1.1 Placer Initialization Core | Checksum: 10219cde7

Time (s): cpu = 00:00:01 ; elapsed = 00:00:00.426 . Memory (MB): peak = 870.461 ; gain = 0.000
Phase 1 Placer Initialization | Checksum: 10219cde7

Time (s): cpu = 00:00:01 ; elapsed = 00:00:00.426 . Memory (MB): peak = 870.461 ; gain = 0.000

Phase 2 Global Placement

Phase 2.1 Run Budgeter
Phase 2.1 Run Budgeter | Checksum: 10067dfb6

Time (s): cpu = 00:00:01 ; elapsed = 00:00:00.560 . Memory (MB): peak = 870.461 ; gain = 0.000
Phase 2 Global Placement | Checksum: 136a74ade

Time (s): cpu = 00:00:02 ; elapsed = 00:00:00.849 . Memory (MB): peak = 870.461 ; gain = 0.000

Phase 3 Detail Placement

Phase 3.1 Commit Multi Column Macros
Phase 3.1 Commit Multi Column Macros | Checksum: 136a74ade

Time (s): cpu = 00:00:02 ; elapsed = 00:00:00.851 . Memory (MB): peak = 870.461 ; gain = 0.000

Phase 3.2 Commit Most Macros & LUTRAMs
Phase 3.2 Commit Most Macros & LUTRAMs | Checksum: 154ec00a6

Time (s): cpu = 00:00:02 ; elapsed = 00:00:00.885 . Memory (MB): peak = 870.672 ; gain = 0.211

Phase 3.3 Area Swap Optimization
Phase 3.3 Area Swap Optimization | Checksum: dd4d3b0b

Time (s): cpu = 00:00:02 ; elapsed = 00:00:00.897 . Memory (MB): peak = 870.672 ; gain = 0.211

Phase 3.4 Timing Path Optimizer
Phase 3.4 Timing Path Optimizer | Checksum: f8e782ff

Time (s): cpu = 00:00:02 ; elapsed = 00:00:00.904 . Memory (MB): peak = 870.672 ; gain = 0.211

Phase 3.5 Commit Small Macros & Core Logic
Phase 3.5 Commit Small Macros & Core Logic | Checksum: 1b4abb8e4

Time (s): cpu = 00:00:02 ; elapsed = 00:00:01 . Memory (MB): peak = 876.000 ; gain = 5.539

Phase 3.6 Re-assign LUT pins
Phase 3.6 Re-assign LUT pins | Checksum: 1b4abb8e4

Time (s): cpu = 00:00:02 ; elapsed = 00:00:01 . Memory (MB): peak = 876.898 ; gain = 6.438
Phase 3 Detail Placement | Checksum: 1b4abb8e4

Time (s): cpu = 00:00:02 ; elapsed = 00:00:01 . Memory (MB): peak = 876.898 ; gain = 6.438

Phase 4 Post Placement Optimization and Clean-Up

Phase 4.1 PCOPT Shape updates
Phase 4.1 PCOPT Shape updates | Checksum: 1b4abb8e4

Time (s): cpu = 00:00:02 ; elapsed = 00:00:01 . Memory (MB): peak = 876.898 ; gain = 6.438

Phase 4.2 Post Placement Optimization

Phase 4.2.1 Post Placement Timing Optimization
INFO: [Place 30-746] Post Placement Timing Summary WNS=6.069. For the most accurate timing information please run report_timing.
Phase 4.2.1 Post Placement Timing Optimization | Checksum: 13db5184f

Time (s): cpu = 00:00:02 ; elapsed = 00:00:01 . Memory (MB): peak = 884.887 ; gain = 14.426
Phase 4.2 Post Placement Optimization | Checksum: 13db5184f

Time (s): cpu = 00:00:02 ; elapsed = 00:00:01 . Memory (MB): peak = 884.887 ; gain = 14.426

Phase 4.3 Post Placement Cleanup
Phase 4.3 Post Placement Cleanup | Checksum: 13db5184f

Time (s): cpu = 00:00:02 ; elapsed = 00:00:01 . Memory (MB): peak = 884.887 ; gain = 14.426

Phase 4.4 Placer Reporting

Phase 4.4.1 Restore STA
Phase 4.4.1 Restore STA | Checksum: 13db5184f

Time (s): cpu = 00:00:02 ; elapsed = 00:00:01 . Memory (MB): peak = 884.887 ; gain = 14.426
Phase 4.4 Placer Reporting | Checksum: 13db5184f

Time (s): cpu = 00:00:02 ; elapsed = 00:00:01 . Memory (MB): peak = 884.887 ; gain = 14.426

Phase 4.5 Final Placement Cleanup
Phase 4.5 Final Placement Cleanup | Checksum: 1ec79459a

Time (s): cpu = 00:00:02 ; elapsed = 00:00:01 . Memory (MB): peak = 884.887 ; gain = 14.426
Phase 4 Post Placement Optimization and Clean-Up | Checksum: 1ec79459a

Time (s): cpu = 00:00:02 ; elapsed = 00:00:01 . Memory (MB): peak = 884.887 ; gain = 14.426
Ending Placer Task | Checksum: 18bcdef3e

Time (s): cpu = 00:00:00 ; elapsed = 00:00:01 . Memory (MB): peak = 884.887 ; gain = 14.426
INFO: [Common 17-83] Releasing license: Implementation
30 Infos, 0 Warnings, 0 Critical Warnings and 0 Errors encountered.
place_design completed successfully
Writing XDEF routing.
Writing XDEF routing logical nets.
Writing XDEF routing special nets.
Write XDEF Complete: Time (s): cpu = 00:00:00 ; elapsed = 00:00:00.088 . Memory (MB): peak = 884.887 ; gain = 0.000
report_utilization: Time (s): cpu = 00:00:00 ; elapsed = 00:00:00.027 . Memory (MB): peak = 884.887 ; gain = 0.000
Command: route_design
Attempting to get a license for feature 'Implementation' and/or device 'xc7a100t'
INFO: [Common 17-349] Got license for feature 'Implementation' and/or device 'xc7a100t'
Running DRC as a precondition to command route_design
INFO: [Drc 23-27] Running DRC with 2 threads
INFO: [Vivado_Tcl 4-198] DRC finished with 0 Errors
INFO: [Vivado_Tcl 4-199] Please refer to the DRC report (report_drc) for more information.


Starting Routing Task
INFO: [Route 35-254] Multithreading enabled for route_design using a maximum of 2 CPUs

Starting Route Task

Phase 1 Build RT Design
Phase 1 Build RT Design | Checksum: 1c18026d8

Time (s): cpu = 00:00:31 ; elapsed = 00:00:28 . Memory (MB): peak = 1053.074 ; gain = 150.820

Phase 2 Router Initialization

Phase 2.1 Create Timer
Phase 2.1 Create Timer | Checksum: 1c18026d8

Time (s): cpu = 00:00:31 ; elapsed = 00:00:28 . Memory (MB): peak = 1053.074 ; gain = 150.820
 Number of Nodes with overlaps = 0

Phase 2.2 Update Timing
Phase 2.2 Update Timing | Checksum: 12a19267a

Time (s): cpu = 00:00:31 ; elapsed = 00:00:28 . Memory (MB): peak = 1061.414 ; gain = 159.160
INFO: [Route 35-57] Estimated Timing Summary | WNS=5.98   | TNS=0      | WHS=-0.076 | THS=-0.577 |

Phase 2 Router Initialization | Checksum: 12a19267a

Time (s): cpu = 00:00:31 ; elapsed = 00:00:28 . Memory (MB): peak = 1061.414 ; gain = 159.160

Phase 3 Initial Routing
Phase 3 Initial Routing | Checksum: 8dbe1968

Time (s): cpu = 00:00:31 ; elapsed = 00:00:28 . Memory (MB): peak = 1061.414 ; gain = 159.160

Phase 4 Rip-up And Reroute

Phase 4.1 Global Iteration 0
 Number of Nodes with overlaps = 3
 Number of Nodes with overlaps = 0

Phase 4.1.1 Update Timing
Phase 4.1.1 Update Timing | Checksum: 1351ca542

Time (s): cpu = 00:00:31 ; elapsed = 00:00:28 . Memory (MB): peak = 1061.414 ; gain = 159.160
INFO: [Route 35-57] Estimated Timing Summary | WNS=5.37   | TNS=0      | WHS=N/A    | THS=N/A    |

Phase 4.1 Global Iteration 0 | Checksum: 1351ca542

Time (s): cpu = 00:00:31 ; elapsed = 00:00:28 . Memory (MB): peak = 1061.414 ; gain = 159.160
Phase 4 Rip-up And Reroute | Checksum: 1351ca542

Time (s): cpu = 00:00:31 ; elapsed = 00:00:28 . Memory (MB): peak = 1061.414 ; gain = 159.160

Phase 5 Delay CleanUp

Phase 5.1 Update Timing
Phase 5.1 Update Timing | Checksum: 1351ca542

Time (s): cpu = 00:00:31 ; elapsed = 00:00:28 . Memory (MB): peak = 1061.414 ; gain = 159.160
INFO: [Route 35-57] Estimated Timing Summary | WNS=5.45   | TNS=0      | WHS=N/A    | THS=N/A    |

Phase 5 Delay CleanUp | Checksum: 1351ca542

Time (s): cpu = 00:00:31 ; elapsed = 00:00:28 . Memory (MB): peak = 1061.414 ; gain = 159.160

Phase 6 Clock Skew Optimization
Phase 6 Clock Skew Optimization | Checksum: 1351ca542

Time (s): cpu = 00:00:31 ; elapsed = 00:00:28 . Memory (MB): peak = 1061.414 ; gain = 159.160

Phase 7 Post Hold Fix

Phase 7.1 Update Timing
Phase 7.1 Update Timing | Checksum: 1351ca542

Time (s): cpu = 00:00:31 ; elapsed = 00:00:28 . Memory (MB): peak = 1061.414 ; gain = 159.160
INFO: [Route 35-57] Estimated Timing Summary | WNS=5.45   | TNS=0      | WHS=0.175  | THS=0      |

Phase 7 Post Hold Fix | Checksum: 1351ca542

Time (s): cpu = 00:00:31 ; elapsed = 00:00:28 . Memory (MB): peak = 1061.414 ; gain = 159.160

Phase 8 Route finalize

Router Utilization Summary
  Global Vertical Routing Utilization    = 0.0154067 %
  Global Horizontal Routing Utilization  = 0.0137823 %
  Routable Net Status*
  *Does not include unroutable nets such as driverless and loadless.
  Run report_route_status for detailed report.
  Number of Failed Nets               = 0
  Number of Unrouted Nets             = 0
  Number of Partially Routed Nets     = 0
  Number of Node Overlaps             = 0

Phase 8 Route finalize | Checksum: 1351ca542

Time (s): cpu = 00:00:31 ; elapsed = 00:00:28 . Memory (MB): peak = 1061.414 ; gain = 159.160

Phase 9 Verifying routed nets

 Verification completed successfully
Phase 9 Verifying routed nets | Checksum: 1351ca542

Time (s): cpu = 00:00:31 ; elapsed = 00:00:28 . Memory (MB): peak = 1061.414 ; gain = 159.160

Phase 10 Depositing Routes
Phase 10 Depositing Routes | Checksum: 129941ca7

Time (s): cpu = 00:00:31 ; elapsed = 00:00:28 . Memory (MB): peak = 1061.414 ; gain = 159.160

Phase 11 Post Router Timing
INFO: [Route 35-57] Estimated Timing Summary | WNS=5.45   | TNS=0      | WHS=0.175  | THS=0      |

INFO: [Route 35-327] The final timing numbers are based on the router estimated timing analysis. For a complete and accurate timing signoff, please run report_timing_summary.
Phase 11 Post Router Timing | Checksum: 129941ca7

Time (s): cpu = 00:00:32 ; elapsed = 00:00:28 . Memory (MB): peak = 1061.414 ; gain = 159.160
INFO: [Route 35-16] Router Completed Successfully
Ending Route Task | Checksum: 129941ca7

Time (s): cpu = 00:00:00 ; elapsed = 00:00:28 . Memory (MB): peak = 1061.414 ; gain = 159.160

Routing Is Done.

Time (s): cpu = 00:00:00 ; elapsed = 00:00:28 . Memory (MB): peak = 1061.414 ; gain = 159.160
INFO: [Common 17-83] Releasing license: Implementation
43 Infos, 0 Warnings, 0 Critical Warnings and 0 Errors encountered.
route_design completed successfully
route_design: Time (s): cpu = 00:00:33 ; elapsed = 00:00:29 . Memory (MB): peak = 1061.414 ; gain = 176.527
Writing XDEF routing.
Writing XDEF routing logical nets.
Writing XDEF routing special nets.
Write XDEF Complete: Time (s): cpu = 00:00:00 ; elapsed = 00:00:00.093 . Memory (MB): peak = 1061.414 ; gain = 0.000
INFO: [Drc 23-27] Running DRC with 2 threads
INFO: [Coretcl 2-168] The results of DRC are in file T:/Rodrigo/Projeto1/Projeto1.runs/impl_1/Projeto1_drc_routed.rpt.
INFO: [Timing 38-91] UpdateTimingParams: Speed grade: -1, Delay Type: min_max, Constraints type: SDC.
INFO: [Timing 38-191] Multithreading enabled for timing update using a maximum of 2 CPUs
Running Vector-less Activity Propagation...

Finished Running Vector-less Activity Propagation
INFO: [Common 17-206] Exiting Vivado at Mon Nov 16 22:16:42 2015...

*** Running vivado
    with args -log Projeto1.vdi -applog -m64 -messageDb vivado.pb -mode batch -source Projeto1.tcl -notrace


****** Vivado v2014.1 (64-bit)
  **** SW Build 881834 on Fri Apr  4 14:15:54 MDT 2014
  **** IP Build 877625 on Fri Mar 28 16:29:15 MDT 2014
    ** Copyright 1986-2014 Xilinx, Inc. All Rights Reserved.

source Projeto1.tcl -notrace
Command: open_checkpoint Projeto1_routed.dcp
INFO: [Netlist 29-17] Analyzing 2 Unisim elements for replacement
INFO: [Netlist 29-28] Unisim Transformation completed in 0 CPU seconds
INFO: [Project 1-479] Netlist was created with Vivado 2014.1
Loading clock regions from C:/Xilinx/Vivado/2014.1/data\parts/xilinx/artix7/artix7/xc7a100t/ClockRegion.xml
Loading clock buffers from C:/Xilinx/Vivado/2014.1/data\parts/xilinx/artix7/artix7/xc7a100t/ClockBuffers.xml
Loading clock placement rules from C:/Xilinx/Vivado/2014.1/data/parts/xilinx/artix7/ClockPlacerRules.xml
Loading package pin functions from C:/Xilinx/Vivado/2014.1/data\parts/xilinx/artix7/PinFunctions.xml...
Loading package from C:/Xilinx/Vivado/2014.1/data\parts/xilinx/artix7/artix7/xc7a100t/csg324/Package.xml
Loading io standards from C:/Xilinx/Vivado/2014.1/data\./parts/xilinx/artix7/IOStandards.xml
Loading device configuration modes from C:/Xilinx/Vivado/2014.1/data\parts/xilinx/artix7/ConfigModes.xml
Parsing XDC File [T:/Rodrigo/Projeto1/Projeto1.runs/impl_1/.Xil/Vivado-9896-J309-A2/dcp/Projeto1.xdc]
Finished Parsing XDC File [T:/Rodrigo/Projeto1/Projeto1.runs/impl_1/.Xil/Vivado-9896-J309-A2/dcp/Projeto1.xdc]
Reading XDEF placement.
Reading XDEF routing.
Read XDEF File: Time (s): cpu = 00:00:00 ; elapsed = 00:00:00.030 . Memory (MB): peak = 447.914 ; gain = 0.000
Restoring placement.
Restored 60 out of 60 XDEF sites from archive | CPU: 0.000000 secs | Memory: 0.000000 MB |
INFO: [Opt 31-138] Pushed 0 inverter(s).
INFO: [Project 1-111] Unisim Transformation Summary:
No Unisim elements were transformed.

INFO: [Project 1-484] Checkpoint was created with build 881834
Attempting to get a license for feature 'Implementation' and/or device 'xc7a100t'
INFO: [Common 17-349] Got license for feature 'Implementation' and/or device 'xc7a100t'
Running DRC as a precondition to command write_bitstream
INFO: [Drc 23-27] Running DRC with 2 threads
INFO: [Vivado 12-3199] DRC finished with 0 Errors, 1 Warnings
INFO: [Vivado 12-3200] Please refer to the DRC report (report_drc) for more information.
Loading data files...
Loading site data...
Loading route data...
Processing options...
Creating bitmap...
Creating bitstream...
Writing bitstream ./Projeto1.bit...
INFO: [Vivado 12-1842] Bitgen Completed Successfully.
INFO: [Project 1-118] WebTalk data collection is enabled (User setting is ON. Install Setting is ON.).
INFO: [Common 17-185] WebTalk report has not been sent to Xilinx. Please check your network and proxy settings.
INFO: [Common 17-83] Releasing license: Implementation
write_bitstream: Time (s): cpu = 00:00:32 ; elapsed = 00:00:32 . Memory (MB): peak = 801.469 ; gain = 353.555
INFO: [Common 17-206] Exiting Vivado at Mon Nov 16 22:17:41 2015...
