Vivado Simulator 2014.1
Copyright 1986-1999, 2001-2014 Xilinx, Inc. All Rights Reserved.
Running: C:/Xilinx/Vivado/2014.1/bin/unwrapped/win64.o/xelab.exe --debug typical --relax -L xil_defaultlib -L secureip --snapshot tb_debounce_behav --prj T:/Rodrigo/fpga/debounce/debounce.sim/sim_1/behav/tb_debounce.prj xil_defaultlib.tb_debounce 
Multi-threading is on. Using 6 slave threads.
Determining compilation order of HDL files.
INFO: [VRFC 10-165] Analyzing Verilog file "C:/Xilinx/Vivado/2014.1/data/verilog/src/glbl.v" into library xil_defaultlib
INFO: [VRFC 10-311] analyzing module glbl
INFO: [VRFC 10-163] Analyzing VHDL file "T:/Rodrigo/fpga/debounce/debounce.srcs/sources_1/imports/8-9 problemas/debounce.vhd" into library xil_defaultlib
INFO: [VRFC 10-163] Analyzing VHDL file "T:/Rodrigo/fpga/debounce/debounce.srcs/sim_1/imports/8-9 problemas/debounce_tb.vhd" into library xil_defaultlib
Starting static elaboration
Completed static elaboration
Starting simulation data flow analysis
Completed simulation data flow analysis
Time Resolution for simulation is 1ps
Compiling package std.standard
Compiling package ieee.std_logic_1164
Compiling package ieee.numeric_std
Compiling architecture rtl of entity xil_defaultlib.debounce [\debounce(10000,10)\]
Compiling architecture behavioral of entity xil_defaultlib.tb_debounce
Built simulation snapshot tb_debounce_behav
