
*** Running vivado
    with args -log Exercicio1.vdi -applog -m64 -messageDb vivado.pb -mode batch -source Exercicio1.tcl -notrace


****** Vivado v2014.1 (64-bit)
  **** SW Build 881834 on Fri Apr  4 14:15:54 MDT 2014
  **** IP Build 877625 on Fri Mar 28 16:29:15 MDT 2014
    ** Copyright 1986-2014 Xilinx, Inc. All Rights Reserved.

source Exercicio1.tcl -notrace
Design is defaulting to srcset: sources_1
Design is defaulting to constrset: constrs_1
INFO: [Netlist 29-17] Analyzing 5 Unisim elements for replacement
INFO: [Netlist 29-28] Unisim Transformation completed in 0 CPU seconds
INFO: [Project 1-479] Netlist was created with Vivado 2014.1
Loading clock regions from C:/Xilinx/Vivado/2014.1/data\parts/xilinx/virtex7/virtex7/xc7vx485t/ClockRegion.xml
Loading clock buffers from C:/Xilinx/Vivado/2014.1/data\parts/xilinx/virtex7/virtex7/xc7vx485t/ClockBuffers.xml
Loading clock placement rules from C:/Xilinx/Vivado/2014.1/data/parts/xilinx/virtex7/ClockPlacerRules.xml
Loading package pin functions from C:/Xilinx/Vivado/2014.1/data\parts/xilinx/virtex7/PinFunctions.xml...
Loading package from C:/Xilinx/Vivado/2014.1/data\parts/xilinx/virtex7/virtex7/xc7vx485t/ffg1157/Package.xml
Loading io standards from C:/Xilinx/Vivado/2014.1/data\./parts/xilinx/virtex7/IOStandards.xml
Loading device configuration modes from C:/Xilinx/Vivado/2014.1/data\parts/xilinx/virtex7/ConfigModes.xml
INFO: [Opt 31-140] Inserted 0 IBUFs to IO ports without IO buffers.
INFO: [Opt 31-141] Inserted 0 OBUFs to IO ports without IO buffers.
Parsing XDC File [T:/Rodrigo/Aula4/Aula4.srcs/constrs_1/imports/Problemas/io_basico.xdc]
CRITICAL WARNING: [Vivado 12-1815] Setting property 'IOSTANDARD' is not allowed for GT terminals. [T:/Rodrigo/Aula4/Aula4.srcs/constrs_1/imports/Problemas/io_basico.xdc:9]
CRITICAL WARNING: [Common 17-69] Command failed: 'U9' is not a valid site or package pin name. [T:/Rodrigo/Aula4/Aula4.srcs/constrs_1/imports/Problemas/io_basico.xdc:14]
CRITICAL WARNING: [Common 17-69] Command failed: 'U8' is not a valid site or package pin name. [T:/Rodrigo/Aula4/Aula4.srcs/constrs_1/imports/Problemas/io_basico.xdc:17]
CRITICAL WARNING: [Common 17-69] Command failed: 'R7' is not a valid site or package pin name. [T:/Rodrigo/Aula4/Aula4.srcs/constrs_1/imports/Problemas/io_basico.xdc:20]
CRITICAL WARNING: [Common 17-69] Command failed: 'R6' is not a valid site or package pin name. [T:/Rodrigo/Aula4/Aula4.srcs/constrs_1/imports/Problemas/io_basico.xdc:23]
CRITICAL WARNING: [Common 17-69] Command failed: 'R5' is not a valid site or package pin name. [T:/Rodrigo/Aula4/Aula4.srcs/constrs_1/imports/Problemas/io_basico.xdc:26]
CRITICAL WARNING: [Common 17-69] Command failed: 'V7' is not a valid site or package pin name. [T:/Rodrigo/Aula4/Aula4.srcs/constrs_1/imports/Problemas/io_basico.xdc:29]
CRITICAL WARNING: [Vivado 12-1815] Setting property 'IOSTANDARD' is not allowed for GT terminals. [T:/Rodrigo/Aula4/Aula4.srcs/constrs_1/imports/Problemas/io_basico.xdc:33]
CRITICAL WARNING: [Vivado 12-1815] Setting property 'IOSTANDARD' is not allowed for GT terminals. [T:/Rodrigo/Aula4/Aula4.srcs/constrs_1/imports/Problemas/io_basico.xdc:36]
CRITICAL WARNING: [Vivado 12-1815] Setting property 'IOSTANDARD' is not allowed for GT terminals. [T:/Rodrigo/Aula4/Aula4.srcs/constrs_1/imports/Problemas/io_basico.xdc:39]
CRITICAL WARNING: [Vivado 12-1815] Setting property 'IOSTANDARD' is not allowed for GT terminals. [T:/Rodrigo/Aula4/Aula4.srcs/constrs_1/imports/Problemas/io_basico.xdc:42]
CRITICAL WARNING: [Common 17-69] Command failed: 'U2' is not a valid site or package pin name. [T:/Rodrigo/Aula4/Aula4.srcs/constrs_1/imports/Problemas/io_basico.xdc:44]
CRITICAL WARNING: [Common 17-69] Command failed: 'T3' is not a valid site or package pin name. [T:/Rodrigo/Aula4/Aula4.srcs/constrs_1/imports/Problemas/io_basico.xdc:47]
CRITICAL WARNING: [Vivado 12-1815] Setting property 'IOSTANDARD' is not allowed for GT terminals. [T:/Rodrigo/Aula4/Aula4.srcs/constrs_1/imports/Problemas/io_basico.xdc:51]
CRITICAL WARNING: [Vivado 12-1815] Setting property 'IOSTANDARD' is not allowed for GT terminals. [T:/Rodrigo/Aula4/Aula4.srcs/constrs_1/imports/Problemas/io_basico.xdc:54]
CRITICAL WARNING: [Common 17-69] Command failed: 'P3' is not a valid site or package pin name. [T:/Rodrigo/Aula4/Aula4.srcs/constrs_1/imports/Problemas/io_basico.xdc:56]
CRITICAL WARNING: [Common 17-69] Command failed: 'P4' is not a valid site or package pin name. [T:/Rodrigo/Aula4/Aula4.srcs/constrs_1/imports/Problemas/io_basico.xdc:59]
CRITICAL WARNING: [Common 17-69] Command failed: 'T8' is not a valid site or package pin name. [T:/Rodrigo/Aula4/Aula4.srcs/constrs_1/imports/Problemas/io_basico.xdc:66]
CRITICAL WARNING: [Common 17-69] Command failed: 'V9' is not a valid site or package pin name. [T:/Rodrigo/Aula4/Aula4.srcs/constrs_1/imports/Problemas/io_basico.xdc:69]
CRITICAL WARNING: [Common 17-69] Command failed: 'R8' is not a valid site or package pin name. [T:/Rodrigo/Aula4/Aula4.srcs/constrs_1/imports/Problemas/io_basico.xdc:72]
CRITICAL WARNING: [Vivado 12-1411] Cannot set LOC property of ports, Site location is not valid [T:/Rodrigo/Aula4/Aula4.srcs/constrs_1/imports/Problemas/io_basico.xdc:75]
CRITICAL WARNING: [Vivado 12-1411] Cannot set LOC property of ports, Site location is not valid [T:/Rodrigo/Aula4/Aula4.srcs/constrs_1/imports/Problemas/io_basico.xdc:78]
CRITICAL WARNING: [Common 17-69] Command failed: 'T4' is not a valid site or package pin name. [T:/Rodrigo/Aula4/Aula4.srcs/constrs_1/imports/Problemas/io_basico.xdc:81]
CRITICAL WARNING: [Common 17-69] Command failed: 'U7' is not a valid site or package pin name. [T:/Rodrigo/Aula4/Aula4.srcs/constrs_1/imports/Problemas/io_basico.xdc:84]
CRITICAL WARNING: [Common 17-69] Command failed: 'U6' is not a valid site or package pin name. [T:/Rodrigo/Aula4/Aula4.srcs/constrs_1/imports/Problemas/io_basico.xdc:87]
CRITICAL WARNING: [Common 17-69] Command failed: 'V4' is not a valid site or package pin name. [T:/Rodrigo/Aula4/Aula4.srcs/constrs_1/imports/Problemas/io_basico.xdc:90]
CRITICAL WARNING: [Vivado 12-1411] Cannot set LOC property of ports, Site location is not valid [T:/Rodrigo/Aula4/Aula4.srcs/constrs_1/imports/Problemas/io_basico.xdc:93]
CRITICAL WARNING: [Vivado 12-1411] Cannot set LOC property of ports, Site location is not valid [T:/Rodrigo/Aula4/Aula4.srcs/constrs_1/imports/Problemas/io_basico.xdc:96]
CRITICAL WARNING: [Common 17-69] Command failed: 'R1' is not a valid site or package pin name. [T:/Rodrigo/Aula4/Aula4.srcs/constrs_1/imports/Problemas/io_basico.xdc:99]
CRITICAL WARNING: [Vivado 12-1411] Cannot set LOC property of ports, Site location is not valid [T:/Rodrigo/Aula4/Aula4.srcs/constrs_1/imports/Problemas/io_basico.xdc:102]
CRITICAL WARNING: [Common 17-69] Command failed: 'U1' is not a valid site or package pin name. [T:/Rodrigo/Aula4/Aula4.srcs/constrs_1/imports/Problemas/io_basico.xdc:105]
CRITICAL WARNING: [Common 17-69] Command failed: 'R2' is not a valid site or package pin name. [T:/Rodrigo/Aula4/Aula4.srcs/constrs_1/imports/Problemas/io_basico.xdc:108]
CRITICAL WARNING: [Vivado 12-1411] Cannot set LOC property of ports, Site location is not valid [T:/Rodrigo/Aula4/Aula4.srcs/constrs_1/imports/Problemas/io_basico.xdc:111]
Finished Parsing XDC File [T:/Rodrigo/Aula4/Aula4.srcs/constrs_1/imports/Problemas/io_basico.xdc]
INFO: [Opt 31-138] Pushed 0 inverter(s).
INFO: [Project 1-111] Unisim Transformation Summary:
No Unisim elements were transformed.

link_design: Time (s): cpu = 00:00:10 ; elapsed = 00:00:11 . Memory (MB): peak = 589.992 ; gain = 401.859
Command: opt_design
Attempting to get a license for feature 'Implementation' and/or device 'xc7vx485t'
INFO: [Common 17-349] Got license for feature 'Implementation' and/or device 'xc7vx485t'
Running DRC as a precondition to command opt_design

Starting DRC Task
INFO: [Drc 23-27] Running DRC with 2 threads
INFO: [Project 1-461] DRC finished with 0 Errors
INFO: [Project 1-462] Please refer to the DRC report (report_drc) for more information.

Time (s): cpu = 00:00:00 ; elapsed = 00:00:00.181 . Memory (MB): peak = 591.758 ; gain = 0.805

Starting Logic Optimization Task
INFO: [Timing 38-35] Done setting XDC timing constraints.

Phase 1 Retarget

INFO: [Opt 31-138] Pushed 0 inverter(s).
INFO: [Opt 31-49] Retargeted 0 cell(s).
Phase 1 Retarget | Checksum: 171202a95

Time (s): cpu = 00:00:15 ; elapsed = 00:00:16 . Memory (MB): peak = 1108.895 ; gain = 517.137

Phase 2 Constant Propagation
INFO: [Opt 31-138] Pushed 0 inverter(s).
INFO: [Opt 31-10] Eliminated 15 cells.
Phase 2 Constant Propagation | Checksum: 13f0d7e99

Time (s): cpu = 00:00:15 ; elapsed = 00:00:16 . Memory (MB): peak = 1108.895 ; gain = 517.137

Phase 3 Sweep
INFO: [Opt 31-12] Eliminated 2 unconnected nets.
INFO: [Opt 31-11] Eliminated 2 unconnected cells.
Phase 3 Sweep | Checksum: 161b24abe

Time (s): cpu = 00:00:15 ; elapsed = 00:00:16 . Memory (MB): peak = 1108.895 ; gain = 517.137
Ending Logic Optimization Task | Checksum: 161b24abe

Time (s): cpu = 00:00:00 ; elapsed = 00:00:16 . Memory (MB): peak = 1108.895 ; gain = 517.137
Implement Debug Cores | Checksum: 171202a95
Logic Optimization | Checksum: 171202a95

Starting Power Optimization Task
Ending Power Optimization Task | Checksum: 161b24abe

Time (s): cpu = 00:00:00 ; elapsed = 00:00:00.059 . Memory (MB): peak = 1108.895 ; gain = 0.000
INFO: [Common 17-83] Releasing license: Implementation
19 Infos, 0 Warnings, 33 Critical Warnings and 0 Errors encountered.
opt_design completed successfully
opt_design: Time (s): cpu = 00:00:15 ; elapsed = 00:00:17 . Memory (MB): peak = 1108.895 ; gain = 518.902
Command: place_design
Attempting to get a license for feature 'Implementation' and/or device 'xc7vx485t'
INFO: [Common 17-349] Got license for feature 'Implementation' and/or device 'xc7vx485t'
Running DRC as a precondition to command place_design
INFO: [Drc 23-27] Running DRC with 2 threads
ERROR: [Drc 23-20] Rule violation (BIVB-1) Bank IO standard Support - Bank 39 has incompatible IO(s) because: The LVCMOS33 I/O standard is not supported.  Move the following ports or change their properties:  
btnCpuReset
INFO: [Vivado_Tcl 4-198] DRC finished with 1 Errors
INFO: [Vivado_Tcl 4-199] Please refer to the DRC report (report_drc) for more information.
ERROR: [Vivado_Tcl 4-23] Error(s) found during DRC. Placer not run.
INFO: [Common 17-83] Releasing license: Implementation
24 Infos, 0 Warnings, 33 Critical Warnings and 2 Errors encountered.
place_design failed
ERROR: [Common 17-39] 'place_design' failed due to earlier errors.

    while executing
"place_design "
INFO: [Common 17-206] Exiting Vivado at Mon Nov 09 21:29:08 2015...
